<?xml version="1.0" encoding="UTF-8"?>
<testsuite xmlns:xsi="http://www.w3.org/2001/XMLSchema-instance" xsi:noNamespaceSchemaLocation="https://maven.apache.org/surefire/maven-surefire-plugin/xsd/surefire-test-report-3.0.xsd" version="3.0" name="com.ford.datafactory.streaming.plugins.DestinationPluginTest" time="0.402" tests="5" errors="0" skipped="0" failures="0">
  <properties>
[...]
</properties>
  <testcase name="getDestinationTableTest1" classname="com.ford.datafactory.streaming.plugins.DestinationPluginTest" time="0.267">
    <system-err><![CDATA[SLF4J: Failed to load class "org.slf4j.impl.StaticLoggerBinder".
SLF4J: Defaulting to no-operation (NOP) logger implementation
SLF4J: See http://www.slf4j.org/codes.html#StaticLoggerBinder for further details.
]]></system-err>
  </testcase>
  <testcase name="getDestinationTableTest2" classname="com.ford.datafactory.streaming.plugins.DestinationPluginTest" time="0.0"/>
  <testcase name="getDestinationTableTest3" classname="com.ford.datafactory.streaming.plugins.DestinationPluginTest" time="0.002"/>
  <testcase name="getDestinationTableTest4" classname="com.ford.datafactory.streaming.plugins.DestinationPluginTest" time="0.001"/>
  <testcase name="getDestinationTableTest5" classname="com.ford.datafactory.streaming.plugins.DestinationPluginTest" time="0.007"/>
</testsuite>